This is pdfTeX, Version 3.1415926-2.4-1.40.13 (TeX Live 2012) (format=pdflatex 2012.6.30)  5 FEB 2014 16:23
entering extended mode
 restricted \write18 enabled.
 file:line:error style messages enabled.
 %&-line parsing enabled.
**main.tex
(./main.tex
LaTeX2e <2011/06/27>
Babel <v3.8m> and hyphenation patterns for english, dumylang, nohyphenation, ge
rman-x-2012-05-30, ngerman-x-2012-05-30, afrikaans, ancientgreek, ibycus, arabi
c, armenian, basque, bulgarian, catalan, pinyin, coptic, croatian, czech, danis
h, dutch, ukenglish, usenglishmax, esperanto, estonian, ethiopic, farsi, finnis
h, french, friulan, galician, german, ngerman, swissgerman, monogreek, greek, h
ungarian, icelandic, assamese, bengali, gujarati, hindi, kannada, malayalam, ma
rathi, oriya, panjabi, tamil, telugu, indonesian, interlingua, irish, italian, 
kurmanji, latin, latvian, lithuanian, mongolian, mongolianlmc, bokmal, nynorsk,
 polish, portuguese, romanian, romansh, russian, sanskrit, serbian, serbianc, s
lovak, slovenian, spanish, swedish, turkish, turkmen, ukrainian, uppersorbian, 
welsh, loaded.
(/usr/local/texlive/2012/texmf-dist/tex/latex/base/book.cls
Document Class: book 2007/10/19 v1.4h Standard LaTeX document class
(/usr/local/texlive/2012/texmf-dist/tex/latex/base/bk12.clo
File: bk12.clo 2007/10/19 v1.4h Standard LaTeX file (size option)
)
\c@part=\count79
\c@chapter=\count80
\c@section=\count81
\c@subsection=\count82
\c@subsubsection=\count83
\c@paragraph=\count84
\c@subparagraph=\count85
\c@figure=\count86
\c@table=\count87
\abovecaptionskip=\skip41
\belowcaptionskip=\skip42
\bibindent=\dimen102
)
(/usr/local/texlive/2012/texmf-dist/tex/latex/graphics/graphicx.sty
Package: graphicx 1999/02/16 v1.0f Enhanced LaTeX Graphics (DPC,SPQR)

(/usr/local/texlive/2012/texmf-dist/tex/latex/graphics/keyval.sty
Package: keyval 1999/03/16 v1.13 key=value parser (DPC)
\KV@toks@=\toks14
)
(/usr/local/texlive/2012/texmf-dist/tex/latex/graphics/graphics.sty
Package: graphics 2009/02/05 v1.0o Standard LaTeX Graphics (DPC,SPQR)

(/usr/local/texlive/2012/texmf-dist/tex/latex/graphics/trig.sty
Package: trig 1999/03/16 v1.09 sin cos tan (DPC)
)
(/usr/local/texlive/2012/texmf-dist/tex/latex/latexconfig/graphics.cfg
File: graphics.cfg 2010/04/23 v1.9 graphics configuration of TeX Live
)
Package graphics Info: Driver file: pdftex.def on input line 91.

(/usr/local/texlive/2012/texmf-dist/tex/latex/pdftex-def/pdftex.def
File: pdftex.def 2011/05/27 v0.06d Graphics/color for pdfTeX

(/usr/local/texlive/2012/texmf-dist/tex/generic/oberdiek/infwarerr.sty
Package: infwarerr 2010/04/08 v1.3 Providing info/warning/error messages (HO)
)
(/usr/local/texlive/2012/texmf-dist/tex/generic/oberdiek/ltxcmds.sty
Package: ltxcmds 2011/11/09 v1.22 LaTeX kernel commands for general use (HO)
)
\Gread@gobject=\count88
))
\Gin@req@height=\dimen103
\Gin@req@width=\dimen104
)
(/usr/local/texlive/2012/texmf-dist/tex/latex/oberdiek/epstopdf.sty
Package: epstopdf 2010/02/09 v2.5 Conversion with epstopdf on the fly (HO)

(/usr/local/texlive/2012/texmf-dist/tex/latex/oberdiek/epstopdf-base.sty
Package: epstopdf-base 2010/02/09 v2.5 Base part for package epstopdf

(/usr/local/texlive/2012/texmf-dist/tex/latex/oberdiek/grfext.sty
Package: grfext 2010/08/19 v1.1 Manage graphics extensions (HO)

(/usr/local/texlive/2012/texmf-dist/tex/generic/oberdiek/kvdefinekeys.sty
Package: kvdefinekeys 2011/04/07 v1.3 Define keys (HO)
))
(/usr/local/texlive/2012/texmf-dist/tex/latex/oberdiek/kvoptions.sty
Package: kvoptions 2011/06/30 v3.11 Key value format for package options (HO)

(/usr/local/texlive/2012/texmf-dist/tex/generic/oberdiek/kvsetkeys.sty
Package: kvsetkeys 2012/04/25 v1.16 Key value parser (HO)

(/usr/local/texlive/2012/texmf-dist/tex/generic/oberdiek/etexcmds.sty
Package: etexcmds 2011/02/16 v1.5 Avoid name clashes with e-TeX commands (HO)

(/usr/local/texlive/2012/texmf-dist/tex/generic/oberdiek/ifluatex.sty
Package: ifluatex 2010/03/01 v1.3 Provides the ifluatex switch (HO)
Package ifluatex Info: LuaTeX not detected.
)
Package etexcmds Info: Could not find \expanded.
(etexcmds)             That can mean that you are not using pdfTeX 1.50 or
(etexcmds)             that some package has redefined \expanded.
(etexcmds)             In the latter case, load this package earlier.
)))
(/usr/local/texlive/2012/texmf-dist/tex/generic/oberdiek/pdftexcmds.sty
Package: pdftexcmds 2011/11/29 v0.20 Utility functions of pdfTeX for LuaTeX (HO
)

(/usr/local/texlive/2012/texmf-dist/tex/generic/oberdiek/ifpdf.sty
Package: ifpdf 2011/01/30 v2.3 Provides the ifpdf switch (HO)
Package ifpdf Info: pdfTeX in PDF mode is detected.
)
Package pdftexcmds Info: LuaTeX not detected.
Package pdftexcmds Info: \pdf@primitive is available.
Package pdftexcmds Info: \pdf@ifprimitive is available.
Package pdftexcmds Info: \pdfdraftmode found.
)
Package grfext Info: Graphics extension search list:
(grfext)             [.png,.pdf,.jpg,.mps,.jpeg,.jbig2,.jb2,.PNG,.PDF,.JPG,.JPE
G,.JBIG2,.JB2,.eps]
(grfext)             \AppendGraphicsExtensions on input line 452.

(/usr/local/texlive/2012/texmf-dist/tex/latex/latexconfig/epstopdf-sys.cfg
File: epstopdf-sys.cfg 2010/07/13 v1.3 Configuration of (r)epstopdf for TeX Liv
e
)))
(/usr/local/texlive/2012/texmf-dist/tex/latex/amsmath/amsmath.sty
Package: amsmath 2000/07/18 v2.13 AMS math features
\@mathmargin=\skip43

For additional information on amsmath, use the `?' option.
(/usr/local/texlive/2012/texmf-dist/tex/latex/amsmath/amstext.sty
Package: amstext 2000/06/29 v2.01

(/usr/local/texlive/2012/texmf-dist/tex/latex/amsmath/amsgen.sty
File: amsgen.sty 1999/11/30 v2.0
\@emptytoks=\toks15
\ex@=\dimen105
))
(/usr/local/texlive/2012/texmf-dist/tex/latex/amsmath/amsbsy.sty
Package: amsbsy 1999/11/29 v1.2d
\pmbraise@=\dimen106
)
(/usr/local/texlive/2012/texmf-dist/tex/latex/amsmath/amsopn.sty
Package: amsopn 1999/12/14 v2.01 operator names
)
\inf@bad=\count89
LaTeX Info: Redefining \frac on input line 211.
\uproot@=\count90
\leftroot@=\count91
LaTeX Info: Redefining \overline on input line 307.
\classnum@=\count92
\DOTSCASE@=\count93
LaTeX Info: Redefining \ldots on input line 379.
LaTeX Info: Redefining \dots on input line 382.
LaTeX Info: Redefining \cdots on input line 467.
\Mathstrutbox@=\box26
\strutbox@=\box27
\big@size=\dimen107
LaTeX Font Info:    Redeclaring font encoding OML on input line 567.
LaTeX Font Info:    Redeclaring font encoding OMS on input line 568.
\macc@depth=\count94
\c@MaxMatrixCols=\count95
\dotsspace@=\muskip10
\c@parentequation=\count96
\dspbrk@lvl=\count97
\tag@help=\toks16
\row@=\count98
\column@=\count99
\maxfields@=\count100
\andhelp@=\toks17
\eqnshift@=\dimen108
\alignsep@=\dimen109
\tagshift@=\dimen110
\tagwidth@=\dimen111
\totwidth@=\dimen112
\lineht@=\dimen113
\@envbody=\toks18
\multlinegap=\skip44
\multlinetaggap=\skip45
\mathdisplay@stack=\toks19
LaTeX Info: Redefining \[ on input line 2666.
LaTeX Info: Redefining \] on input line 2667.
)
(/usr/local/texlive/2012/texmf-dist/tex/latex/amscls/amsthm.sty
Package: amsthm 2009/07/02 v2.20.1
\thm@style=\toks20
\thm@bodyfont=\toks21
\thm@headfont=\toks22
\thm@notefont=\toks23
\thm@headpunct=\toks24
\thm@preskip=\skip46
\thm@postskip=\skip47
\thm@headsep=\skip48
\dth@everypar=\toks25
)
(/usr/local/texlive/2012/texmf-dist/tex/latex/amsfonts/amssymb.sty
Package: amssymb 2009/06/22 v3.00

(/usr/local/texlive/2012/texmf-dist/tex/latex/amsfonts/amsfonts.sty
Package: amsfonts 2009/06/22 v3.00 Basic AMSFonts support
\symAMSa=\mathgroup4
\symAMSb=\mathgroup5
LaTeX Font Info:    Overwriting math alphabet `\mathfrak' in version `bold'
(Font)                  U/euf/m/n --> U/euf/b/n on input line 96.
))
(/usr/local/texlive/2012/texmf-dist/tex/latex/listings/listings.sty
\lst@mode=\count101
\lst@gtempboxa=\box28
\lst@token=\toks26
\lst@length=\count102
\lst@currlwidth=\dimen114
\lst@column=\count103
\lst@pos=\count104
\lst@lostspace=\dimen115
\lst@width=\dimen116
\lst@newlines=\count105
\lst@lineno=\count106
\lst@maxwidth=\dimen117

(/usr/local/texlive/2012/texmf-dist/tex/latex/listings/lstmisc.sty
File: lstmisc.sty 2007/02/22 1.4 (Carsten Heinz)
\c@lstnumber=\count107
\lst@skipnumbers=\count108
\lst@framebox=\box29
)
(/usr/local/texlive/2012/texmf-dist/tex/latex/listings/listings.cfg
File: listings.cfg 2007/02/22 1.4 listings configuration
))
Package: listings 2007/02/22 1.4 (Carsten Heinz)

(/usr/local/texlive/2012/texmf-dist/tex/latex/float/float.sty
Package: float 2001/11/08 v1.3d Float enhancements (AL)
\c@float@type=\count109
\float@exts=\toks27
\float@box=\box30
\@float@everytoks=\toks28
\@floatcapt=\box31
)
(/usr/local/texlive/2012/texmf-dist/tex/latex/tools/enumerate.sty
Package: enumerate 1999/03/05 v3.00 enumerate extensions (DPC)
\@enLab=\toks29
)
(/usr/local/texlive/2012/texmf-dist/tex/latex/hyperref/hyperref.sty
Package: hyperref 2012/05/13 v6.82q Hypertext links for LaTeX

(/usr/local/texlive/2012/texmf-dist/tex/generic/oberdiek/hobsub-hyperref.sty
Package: hobsub-hyperref 2012/05/28 v1.13 Bundle oberdiek, subset hyperref (HO)


(/usr/local/texlive/2012/texmf-dist/tex/generic/oberdiek/hobsub-generic.sty
Package: hobsub-generic 2012/05/28 v1.13 Bundle oberdiek, subset generic (HO)
Package: hobsub 2012/05/28 v1.13 Construct package bundles (HO)
Package hobsub Info: Skipping package `infwarerr' (already loaded).
Package hobsub Info: Skipping package `ltxcmds' (already loaded).
Package hobsub Info: Skipping package `ifluatex' (already loaded).
Package: ifvtex 2010/03/01 v1.5 Detect VTeX and its facilities (HO)
Package ifvtex Info: VTeX not detected.
Package: intcalc 2007/09/27 v1.1 Expandable calculations with integers (HO)
Package hobsub Info: Skipping package `ifpdf' (already loaded).
Package hobsub Info: Skipping package `etexcmds' (already loaded).
Package hobsub Info: Skipping package `kvsetkeys' (already loaded).
Package hobsub Info: Skipping package `kvdefinekeys' (already loaded).
Package hobsub Info: Skipping package `pdftexcmds' (already loaded).
Package: pdfescape 2011/11/25 v1.13 Implements pdfTeX's escape features (HO)
Package: bigintcalc 2012/04/08 v1.3 Expandable calculations on big integers (HO
)
Package: bitset 2011/01/30 v1.1 Handle bit-vector datatype (HO)
Package: uniquecounter 2011/01/30 v1.2 Provide unlimited unique counter (HO)
)
Package hobsub Info: Skipping package `hobsub' (already loaded).
Package: letltxmacro 2010/09/02 v1.4 Let assignment for LaTeX macros (HO)
Package: hopatch 2012/05/28 v1.2 Wrapper for package hooks (HO)
Package: xcolor-patch 2011/01/30 xcolor patch
Package: atveryend 2011/06/30 v1.8 Hooks at the very end of document (HO)
Package atveryend Info: \enddocument detected (standard20110627).
Package: atbegshi 2011/10/05 v1.16 At begin shipout hook (HO)
Package: refcount 2011/10/16 v3.4 Data extraction from label references (HO)
Package: hycolor 2011/01/30 v1.7 Color options for hyperref/bookmark (HO)
)
(/usr/local/texlive/2012/texmf-dist/tex/generic/ifxetex/ifxetex.sty
Package: ifxetex 2010/09/12 v0.6 Provides ifxetex conditional
)
\@linkdim=\dimen118
\Hy@linkcounter=\count110
\Hy@pagecounter=\count111

(/usr/local/texlive/2012/texmf-dist/tex/latex/hyperref/pd1enc.def
File: pd1enc.def 2012/05/13 v6.82q Hyperref: PDFDocEncoding definition (HO)
)
\Hy@SavedSpaceFactor=\count112

(/usr/local/texlive/2012/texmf-dist/tex/latex/latexconfig/hyperref.cfg
File: hyperref.cfg 2002/06/06 v1.2 hyperref configuration of TeXLive
)
Package hyperref Info: Hyper figures OFF on input line 4062.
Package hyperref Info: Link nesting OFF on input line 4067.
Package hyperref Info: Hyper index ON on input line 4070.
Package hyperref Info: Plain pages OFF on input line 4077.
Package hyperref Info: Backreferencing OFF on input line 4082.
Package hyperref Info: Implicit mode ON; LaTeX internals redefined.
Package hyperref Info: Bookmarks ON on input line 4300.
\c@Hy@tempcnt=\count113

(/usr/local/texlive/2012/texmf-dist/tex/latex/url/url.sty
\Urlmuskip=\muskip11
Package: url 2006/04/12  ver 3.3  Verb mode for urls, etc.
)
LaTeX Info: Redefining \url on input line 4653.
\Fld@menulength=\count114
\Field@Width=\dimen119
\Fld@charsize=\dimen120
Package hyperref Info: Hyper figures OFF on input line 5773.
Package hyperref Info: Link nesting OFF on input line 5778.
Package hyperref Info: Hyper index ON on input line 5781.
Package hyperref Info: backreferencing OFF on input line 5788.
Package hyperref Info: Link coloring OFF on input line 5793.
Package hyperref Info: Link coloring with OCG OFF on input line 5798.
Package hyperref Info: PDF/A mode OFF on input line 5803.
LaTeX Info: Redefining \ref on input line 5843.
LaTeX Info: Redefining \pageref on input line 5847.
\Hy@abspage=\count115
\c@Item=\count116
\c@Hfootnote=\count117
)

Package hyperref Message: Driver (autodetected): hpdftex.

(/usr/local/texlive/2012/texmf-dist/tex/latex/hyperref/hpdftex.def
File: hpdftex.def 2012/05/13 v6.82q Hyperref driver for pdfTeX
\Fld@listcount=\count118
\c@bookmark@seq@number=\count119

(/usr/local/texlive/2012/texmf-dist/tex/latex/oberdiek/rerunfilecheck.sty
Package: rerunfilecheck 2011/04/15 v1.7 Rerun checks for auxiliary files (HO)
Package uniquecounter Info: New unique counter `rerunfilecheck' on input line 2
82.
)
\Hy@SectionHShift=\skip49
)
(/usr/local/texlive/2012/texmf-dist/tex/latex/fancyhdr/fancyheadings.sty
Package: fancyheadings 2008/02/04 1.99 Dummy package to call fancyhdr


Package fancyheadings Warning: Please stop using fancyheadings!
(fancyheadings)                Use fancyhdr instead.
(fancyheadings)                We will call fancyhdr with the very same
(fancyheadings)                options you passed to fancyheadings.
(fancyheadings)                
(fancyheadings)                fancyhdr is 99 percent compatible with
(fancyheadings)                fancyheadings. The only incompatibility is
(fancyheadings)                that \headrulewidth and \footrulewidth and
(fancyheadings)                their \plain... versions are no longer length
(fancyheadings)                parameters, but normal macros (to be changed
(fancyheadings)                with \renewcommand rather than \setlength)..

(/usr/local/texlive/2012/texmf-dist/tex/latex/fancyhdr/fancyhdr.sty
\fancy@headwidth=\skip50
\f@ncyO@elh=\skip51
\f@ncyO@erh=\skip52
\f@ncyO@olh=\skip53
\f@ncyO@orh=\skip54
\f@ncyO@elf=\skip55
\f@ncyO@erf=\skip56
\f@ncyO@olf=\skip57
\f@ncyO@orf=\skip58
))
(/usr/local/texlive/2012/texmf-dist/tex/latex/titlesec/titlesec.sty
Package: titlesec 2011/12/15 v2.10.0 Sectioning titles
\ttl@box=\box32
\beforetitleunit=\skip59
\aftertitleunit=\skip60
\ttl@plus=\dimen121
\ttl@minus=\dimen122
\ttl@toksa=\toks30
\titlewidth=\dimen123
\titlewidthlast=\dimen124
\titlewidthfirst=\dimen125
)
(/usr/local/texlive/2012/texmf-dist/tex/latex/tools/multicol.sty
Package: multicol 2011/06/27 v1.7a multicolumn formatting (FMi)
\c@tracingmulticols=\count120
\mult@box=\box33
\multicol@leftmargin=\dimen126
\c@unbalance=\count121
\c@collectmore=\count122
\doublecol@number=\count123
\multicoltolerance=\count124
\multicolpretolerance=\count125
\full@width=\dimen127
\page@free=\dimen128
\premulticols=\dimen129
\postmulticols=\dimen130
\multicolsep=\skip61
\multicolbaselineskip=\skip62
\partial@page=\box34
\last@line=\box35
\mult@rightbox=\box36
\mult@grightbox=\box37
\mult@gfirstbox=\box38
\mult@firstbox=\box39
\@tempa=\box40
\@tempa=\box41
\@tempa=\box42
\@tempa=\box43
\@tempa=\box44
\@tempa=\box45
\@tempa=\box46
\@tempa=\box47
\@tempa=\box48
\@tempa=\box49
\@tempa=\box50
\@tempa=\box51
\@tempa=\box52
\@tempa=\box53
\@tempa=\box54
\@tempa=\box55
\@tempa=\box56
\c@columnbadness=\count126
\c@finalcolumnbadness=\count127
\last@try=\dimen131
\multicolovershoot=\dimen132
\multicolundershoot=\dimen133
\mult@nat@firstbox=\box57
\colbreak@box=\box58
\multicol@sort@counter=\count128
)
(/usr/local/texlive/2012/texmf-dist/tex/latex/wrapfig/wrapfig.sty
\wrapoverhang=\dimen134
\WF@size=\dimen135
\c@WF@wrappedlines=\count129
\WF@box=\box59
\WF@everypar=\toks31
Package: wrapfig 2003/01/31  v 3.6
)
(/usr/local/texlive/2012/texmf-dist/tex/latex/tocloft/tocloft.sty
Package: tocloft 2010/10/13 v2.3e parameterised ToC, etc., typesetting
Package tocloft Info: The document has chapter divisions on input line 43.
\cftparskip=\skip63
\cftbeforetoctitleskip=\skip64
\cftaftertoctitleskip=\skip65
\cftbeforepartskip=\skip66
\cftpartnumwidth=\skip67
\cftpartindent=\skip68
\cftbeforechapskip=\skip69
\cftchapindent=\skip70
\cftchapnumwidth=\skip71
\cftbeforesecskip=\skip72
\cftsecindent=\skip73
\cftsecnumwidth=\skip74
\cftbeforesubsecskip=\skip75
\cftsubsecindent=\skip76
\cftsubsecnumwidth=\skip77
\cftbeforesubsubsecskip=\skip78
\cftsubsubsecindent=\skip79
\cftsubsubsecnumwidth=\skip80
\cftbeforeparaskip=\skip81
\cftparaindent=\skip82
\cftparanumwidth=\skip83
\cftbeforesubparaskip=\skip84
\cftsubparaindent=\skip85
\cftsubparanumwidth=\skip86
\cftbeforeloftitleskip=\skip87
\cftafterloftitleskip=\skip88
\cftbeforefigskip=\skip89
\cftfigindent=\skip90
\cftfignumwidth=\skip91
\c@lofdepth=\count130
\c@lotdepth=\count131
\cftbeforelottitleskip=\skip92
\cftafterlottitleskip=\skip93
\cftbeforetabskip=\skip94
\cfttabindent=\skip95
\cfttabnumwidth=\skip96
)
(/usr/local/texlive/2012/texmf-dist/tex/latex/pgf/frontendlayer/tikz.sty
(/usr/local/texlive/2012/texmf-dist/tex/latex/pgf/basiclayer/pgf.sty
(/usr/local/texlive/2012/texmf-dist/tex/latex/pgf/utilities/pgfrcs.sty
(/usr/local/texlive/2012/texmf-dist/tex/generic/pgf/utilities/pgfutil-common.te
x
\pgfutil@everybye=\toks32
)
(/usr/local/texlive/2012/texmf-dist/tex/generic/pgf/utilities/pgfutil-latex.def
\pgfutil@abb=\box60
(/usr/local/texlive/2012/texmf-dist/tex/latex/ms/everyshi.sty
Package: everyshi 2001/05/15 v3.00 EveryShipout Package (MS)
))
(/usr/local/texlive/2012/texmf-dist/tex/generic/pgf/utilities/pgfrcs.code.tex
Package: pgfrcs 2010/10/25 v2.10 (rcs-revision 1.24)
))
Package: pgf 2008/01/15 v2.10 (rcs-revision 1.12)
(/usr/local/texlive/2012/texmf-dist/tex/latex/pgf/basiclayer/pgfcore.sty
(/usr/local/texlive/2012/texmf-dist/tex/latex/pgf/systemlayer/pgfsys.sty
(/usr/local/texlive/2012/texmf-dist/tex/generic/pgf/systemlayer/pgfsys.code.tex
Package: pgfsys 2010/06/30 v2.10 (rcs-revision 1.37)
(/usr/local/texlive/2012/texmf-dist/tex/generic/pgf/utilities/pgfkeys.code.tex
\pgfkeys@pathtoks=\toks33
\pgfkeys@temptoks=\toks34

(/usr/local/texlive/2012/texmf-dist/tex/generic/pgf/utilities/pgfkeysfiltered.c
ode.tex
\pgfkeys@tmptoks=\toks35
))
\pgf@x=\dimen136
\pgf@y=\dimen137
\pgf@xa=\dimen138
\pgf@ya=\dimen139
\pgf@xb=\dimen140
\pgf@yb=\dimen141
\pgf@xc=\dimen142
\pgf@yc=\dimen143
\w@pgf@writea=\write3
\r@pgf@reada=\read1
\c@pgf@counta=\count132
\c@pgf@countb=\count133
\c@pgf@countc=\count134
\c@pgf@countd=\count135

(/usr/local/texlive/2012/texmf-dist/tex/generic/pgf/systemlayer/pgf.cfg
File: pgf.cfg 2008/05/14  (rcs-revision 1.7)
)
Package pgfsys Info: Driver file for pgf: pgfsys-pdftex.def on input line 900.

(/usr/local/texlive/2012/texmf-dist/tex/generic/pgf/systemlayer/pgfsys-pdftex.d
ef
File: pgfsys-pdftex.def 2009/05/22  (rcs-revision 1.26)

(/usr/local/texlive/2012/texmf-dist/tex/generic/pgf/systemlayer/pgfsys-common-p
df.def
File: pgfsys-common-pdf.def 2008/05/19  (rcs-revision 1.10)
)))
(/usr/local/texlive/2012/texmf-dist/tex/generic/pgf/systemlayer/pgfsyssoftpath.
code.tex
File: pgfsyssoftpath.code.tex 2008/07/18  (rcs-revision 1.7)
\pgfsyssoftpath@smallbuffer@items=\count136
\pgfsyssoftpath@bigbuffer@items=\count137
)
(/usr/local/texlive/2012/texmf-dist/tex/generic/pgf/systemlayer/pgfsysprotocol.
code.tex
File: pgfsysprotocol.code.tex 2006/10/16  (rcs-revision 1.4)
)) (/usr/local/texlive/2012/texmf-dist/tex/latex/xcolor/xcolor.sty
Package: xcolor 2007/01/21 v2.11 LaTeX color extensions (UK)

(/usr/local/texlive/2012/texmf-dist/tex/latex/latexconfig/color.cfg
File: color.cfg 2007/01/18 v1.5 color configuration of teTeX/TeXLive
)
Package xcolor Info: Driver file: pdftex.def on input line 225.
Package xcolor Info: Model `cmy' substituted by `cmy0' on input line 1337.
Package xcolor Info: Model `hsb' substituted by `rgb' on input line 1341.
Package xcolor Info: Model `RGB' extended on input line 1353.
Package xcolor Info: Model `HTML' substituted by `rgb' on input line 1355.
Package xcolor Info: Model `Hsb' substituted by `hsb' on input line 1356.
Package xcolor Info: Model `tHsb' substituted by `hsb' on input line 1357.
Package xcolor Info: Model `HSB' substituted by `hsb' on input line 1358.
Package xcolor Info: Model `Gray' substituted by `gray' on input line 1359.
Package xcolor Info: Model `wave' substituted by `hsb' on input line 1360.
)
(/usr/local/texlive/2012/texmf-dist/tex/generic/pgf/basiclayer/pgfcore.code.tex
Package: pgfcore 2010/04/11 v2.10 (rcs-revision 1.7)
(/usr/local/texlive/2012/texmf-dist/tex/generic/pgf/math/pgfmath.code.tex
(/usr/local/texlive/2012/texmf-dist/tex/generic/pgf/math/pgfmathcalc.code.tex
(/usr/local/texlive/2012/texmf-dist/tex/generic/pgf/math/pgfmathutil.code.tex)
(/usr/local/texlive/2012/texmf-dist/tex/generic/pgf/math/pgfmathparser.code.tex
\pgfmath@dimen=\dimen144
\pgfmath@count=\count138
\pgfmath@box=\box61
\pgfmath@toks=\toks36
\pgfmath@stack@operand=\toks37
\pgfmath@stack@operation=\toks38
)
(/usr/local/texlive/2012/texmf-dist/tex/generic/pgf/math/pgfmathfunctions.code.
tex
(/usr/local/texlive/2012/texmf-dist/tex/generic/pgf/math/pgfmathfunctions.basic
.code.tex)
(/usr/local/texlive/2012/texmf-dist/tex/generic/pgf/math/pgfmathfunctions.trigo
nometric.code.tex)
(/usr/local/texlive/2012/texmf-dist/tex/generic/pgf/math/pgfmathfunctions.rando
m.code.tex)
(/usr/local/texlive/2012/texmf-dist/tex/generic/pgf/math/pgfmathfunctions.compa
rison.code.tex)
(/usr/local/texlive/2012/texmf-dist/tex/generic/pgf/math/pgfmathfunctions.base.
code.tex)
(/usr/local/texlive/2012/texmf-dist/tex/generic/pgf/math/pgfmathfunctions.round
.code.tex)
(/usr/local/texlive/2012/texmf-dist/tex/generic/pgf/math/pgfmathfunctions.misc.
code.tex)))
(/usr/local/texlive/2012/texmf-dist/tex/generic/pgf/math/pgfmathfloat.code.tex
\c@pgfmathroundto@lastzeros=\count139
))
(/usr/local/texlive/2012/texmf-dist/tex/generic/pgf/basiclayer/pgfcorepoints.co
de.tex
File: pgfcorepoints.code.tex 2010/04/09  (rcs-revision 1.20)
\pgf@picminx=\dimen145
\pgf@picmaxx=\dimen146
\pgf@picminy=\dimen147
\pgf@picmaxy=\dimen148
\pgf@pathminx=\dimen149
\pgf@pathmaxx=\dimen150
\pgf@pathminy=\dimen151
\pgf@pathmaxy=\dimen152
\pgf@xx=\dimen153
\pgf@xy=\dimen154
\pgf@yx=\dimen155
\pgf@yy=\dimen156
\pgf@zx=\dimen157
\pgf@zy=\dimen158
)
(/usr/local/texlive/2012/texmf-dist/tex/generic/pgf/basiclayer/pgfcorepathconst
ruct.code.tex
File: pgfcorepathconstruct.code.tex 2010/08/03  (rcs-revision 1.24)
\pgf@path@lastx=\dimen159
\pgf@path@lasty=\dimen160
)
(/usr/local/texlive/2012/texmf-dist/tex/generic/pgf/basiclayer/pgfcorepathusage
.code.tex
File: pgfcorepathusage.code.tex 2008/04/22  (rcs-revision 1.12)
\pgf@shorten@end@additional=\dimen161
\pgf@shorten@start@additional=\dimen162
)
(/usr/local/texlive/2012/texmf-dist/tex/generic/pgf/basiclayer/pgfcorescopes.co
de.tex
File: pgfcorescopes.code.tex 2010/09/08  (rcs-revision 1.34)
\pgfpic=\box62
\pgf@hbox=\box63
\pgf@layerbox@main=\box64
\pgf@picture@serial@count=\count140
)
(/usr/local/texlive/2012/texmf-dist/tex/generic/pgf/basiclayer/pgfcoregraphicst
ate.code.tex
File: pgfcoregraphicstate.code.tex 2008/04/22  (rcs-revision 1.9)
\pgflinewidth=\dimen163
)
(/usr/local/texlive/2012/texmf-dist/tex/generic/pgf/basiclayer/pgfcoretransform
ations.code.tex
File: pgfcoretransformations.code.tex 2009/06/10  (rcs-revision 1.11)
\pgf@pt@x=\dimen164
\pgf@pt@y=\dimen165
\pgf@pt@temp=\dimen166
)
(/usr/local/texlive/2012/texmf-dist/tex/generic/pgf/basiclayer/pgfcorequick.cod
e.tex
File: pgfcorequick.code.tex 2008/10/09  (rcs-revision 1.3)
)
(/usr/local/texlive/2012/texmf-dist/tex/generic/pgf/basiclayer/pgfcoreobjects.c
ode.tex
File: pgfcoreobjects.code.tex 2006/10/11  (rcs-revision 1.2)
)
(/usr/local/texlive/2012/texmf-dist/tex/generic/pgf/basiclayer/pgfcorepathproce
ssing.code.tex
File: pgfcorepathprocessing.code.tex 2008/10/09  (rcs-revision 1.8)
)
(/usr/local/texlive/2012/texmf-dist/tex/generic/pgf/basiclayer/pgfcorearrows.co
de.tex
File: pgfcorearrows.code.tex 2008/04/23  (rcs-revision 1.11)
)
(/usr/local/texlive/2012/texmf-dist/tex/generic/pgf/basiclayer/pgfcoreshade.cod
e.tex
File: pgfcoreshade.code.tex 2008/11/23  (rcs-revision 1.13)
\pgf@max=\dimen167
\pgf@sys@shading@range@num=\count141
)
(/usr/local/texlive/2012/texmf-dist/tex/generic/pgf/basiclayer/pgfcoreimage.cod
e.tex
File: pgfcoreimage.code.tex 2010/03/25  (rcs-revision 1.16)

(/usr/local/texlive/2012/texmf-dist/tex/generic/pgf/basiclayer/pgfcoreexternal.
code.tex
File: pgfcoreexternal.code.tex 2010/09/01  (rcs-revision 1.17)
\pgfexternal@startupbox=\box65
))
(/usr/local/texlive/2012/texmf-dist/tex/generic/pgf/basiclayer/pgfcorelayers.co
de.tex
File: pgfcorelayers.code.tex 2010/08/27  (rcs-revision 1.2)
)
(/usr/local/texlive/2012/texmf-dist/tex/generic/pgf/basiclayer/pgfcoretranspare
ncy.code.tex
File: pgfcoretransparency.code.tex 2008/01/17  (rcs-revision 1.2)
)
(/usr/local/texlive/2012/texmf-dist/tex/generic/pgf/basiclayer/pgfcorepatterns.
code.tex
File: pgfcorepatterns.code.tex 2009/07/02  (rcs-revision 1.3)
)))
(/usr/local/texlive/2012/texmf-dist/tex/generic/pgf/modules/pgfmoduleshapes.cod
e.tex
File: pgfmoduleshapes.code.tex 2010/09/09  (rcs-revision 1.13)
\pgfnodeparttextbox=\box66
)
(/usr/local/texlive/2012/texmf-dist/tex/generic/pgf/modules/pgfmoduleplot.code.
tex
File: pgfmoduleplot.code.tex 2010/10/22  (rcs-revision 1.8)
)
(/usr/local/texlive/2012/texmf-dist/tex/latex/pgf/compatibility/pgfcomp-version
-0-65.sty
Package: pgfcomp-version-0-65 2007/07/03 v2.10 (rcs-revision 1.7)
\pgf@nodesepstart=\dimen168
\pgf@nodesepend=\dimen169
)
(/usr/local/texlive/2012/texmf-dist/tex/latex/pgf/compatibility/pgfcomp-version
-1-18.sty
Package: pgfcomp-version-1-18 2007/07/23 v2.10 (rcs-revision 1.1)
))
(/usr/local/texlive/2012/texmf-dist/tex/latex/pgf/utilities/pgffor.sty
(/usr/local/texlive/2012/texmf-dist/tex/latex/pgf/utilities/pgfkeys.sty
(/usr/local/texlive/2012/texmf-dist/tex/generic/pgf/utilities/pgfkeys.code.tex)
) (/usr/local/texlive/2012/texmf-dist/tex/generic/pgf/utilities/pgffor.code.tex
Package: pgffor 2010/03/23 v2.10 (rcs-revision 1.18)
\pgffor@iter=\dimen170
\pgffor@skip=\dimen171
\pgffor@stack=\toks39
\pgffor@toks=\toks40
))
(/usr/local/texlive/2012/texmf-dist/tex/generic/pgf/frontendlayer/tikz/tikz.cod
e.tex
Package: tikz 2010/10/13 v2.10 (rcs-revision 1.76)

(/usr/local/texlive/2012/texmf-dist/tex/generic/pgf/libraries/pgflibraryplothan
dlers.code.tex
File: pgflibraryplothandlers.code.tex 2010/05/31 v2.10 (rcs-revision 1.15)
\pgf@plot@mark@count=\count142
\pgfplotmarksize=\dimen172
)
\tikz@lastx=\dimen173
\tikz@lasty=\dimen174
\tikz@lastxsaved=\dimen175
\tikz@lastysaved=\dimen176
\tikzleveldistance=\dimen177
\tikzsiblingdistance=\dimen178
\tikz@figbox=\box67
\tikz@tempbox=\box68
\tikztreelevel=\count143
\tikznumberofchildren=\count144
\tikznumberofcurrentchild=\count145
\tikz@fig@count=\count146

(/usr/local/texlive/2012/texmf-dist/tex/generic/pgf/modules/pgfmodulematrix.cod
e.tex
File: pgfmodulematrix.code.tex 2010/08/24  (rcs-revision 1.4)
\pgfmatrixcurrentrow=\count147
\pgfmatrixcurrentcolumn=\count148
\pgf@matrix@numberofcolumns=\count149
)
\tikz@expandcount=\count150

(/usr/local/texlive/2012/texmf-dist/tex/generic/pgf/frontendlayer/tikz/librarie
s/tikzlibrarytopaths.code.tex
File: tikzlibrarytopaths.code.tex 2008/06/17 v2.10 (rcs-revision 1.2)
)))
(/usr/local/texlive/2012/texmf-dist/tex/generic/oberdiek/engord.sty
Package: engord 2010/03/01 v1.8 Provides English ordinal numbers (HO)
)
(/usr/local/texlive/2012/texmf-dist/tex/latex/comment/comment.sty
\CommentStream=\write4

Excluding comment 'comment')
(/usr/local/texlive/2012/texmf-dist/tex/generic/pgf/frontendlayer/tikz/librarie
s/tikzlibrarypositioning.code.tex
File: tikzlibrarypositioning.code.tex 2008/10/06 v2.10 (rcs-revision 1.7)
)
(/usr/local/texlive/2012/texmf-dist/tex/generic/pgf/frontendlayer/tikz/librarie
s/tikzlibrarydecorations.pathmorphing.code.tex
(/usr/local/texlive/2012/texmf-dist/tex/generic/pgf/frontendlayer/tikz/librarie
s/tikzlibrarydecorations.code.tex
(/usr/local/texlive/2012/texmf-dist/tex/generic/pgf/modules/pgfmoduledecoration
s.code.tex
\pgfdecoratedcompleteddistance=\dimen179
\pgfdecoratedremainingdistance=\dimen180
\pgfdecoratedinputsegmentcompleteddistance=\dimen181
\pgfdecoratedinputsegmentremainingdistance=\dimen182
\pgf@decorate@distancetomove=\dimen183
\pgf@decorate@repeatstate=\count151
\pgfdecorationsegmentamplitude=\dimen184
\pgfdecorationsegmentlength=\dimen185
)
\tikz@lib@dec@box=\box69
)
(/usr/local/texlive/2012/texmf-dist/tex/generic/pgf/libraries/decorations/pgfli
brarydecorations.pathmorphing.code.tex))
(/usr/local/texlive/2012/texmf-dist/tex/generic/pgf/frontendlayer/tikz/librarie
s/tikzlibraryarrows.code.tex
File: tikzlibraryarrows.code.tex 2008/01/09 v2.10 (rcs-revision 1.1)

(/usr/local/texlive/2012/texmf-dist/tex/generic/pgf/libraries/pgflibraryarrows.
code.tex
File: pgflibraryarrows.code.tex 2008/10/27 v2.10 (rcs-revision 1.9)
\arrowsize=\dimen186
))
(/usr/local/texlive/2012/texmf-dist/tex/generic/pgf/frontendlayer/tikz/librarie
s/tikzlibrarydecorations.markings.code.tex
(/usr/local/texlive/2012/texmf-dist/tex/generic/pgf/libraries/decorations/pgfli
brarydecorations.markings.code.tex))
(/usr/local/texlive/2012/texmf-dist/tex/generic/pgf/frontendlayer/tikz/librarie
s/tikzlibrarypatterns.code.tex
File: tikzlibrarypatterns.code.tex 2008/01/15 v2.10 (rcs-revision 1.2)

(/usr/local/texlive/2012/texmf-dist/tex/generic/pgf/libraries/pgflibrarypattern
s.code.tex
File: pgflibrarypatterns.code.tex 2008/03/03 v2.10 (rcs-revision 1.13)
))
(/usr/local/texlive/2012/texmf-dist/tex/generic/pgf/frontendlayer/tikz/librarie
s/tikzlibraryshapes.code.tex
File: tikzlibraryshapes.code.tex 2008/01/09 v2.10 (rcs-revision 1.1)

(/usr/local/texlive/2012/texmf-dist/tex/generic/pgf/frontendlayer/tikz/librarie
s/tikzlibraryshapes.geometric.code.tex
File: tikzlibraryshapes.geometric.code.tex 2008/01/09 v2.10 (rcs-revision 1.1)

(/usr/local/texlive/2012/texmf-dist/tex/generic/pgf/libraries/shapes/pgflibrary
shapes.geometric.code.tex
File: pgflibraryshapes.geometric.code.tex 2008/06/26 v2.10 (rcs-revision 1.1)
))
(/usr/local/texlive/2012/texmf-dist/tex/generic/pgf/frontendlayer/tikz/librarie
s/tikzlibraryshapes.misc.code.tex
File: tikzlibraryshapes.misc.code.tex 2008/01/09 v2.10 (rcs-revision 1.1)

(/usr/local/texlive/2012/texmf-dist/tex/generic/pgf/libraries/shapes/pgflibrary
shapes.misc.code.tex
File: pgflibraryshapes.misc.code.tex 2008/10/07 v2.10 (rcs-revision 1.3)
))
(/usr/local/texlive/2012/texmf-dist/tex/generic/pgf/frontendlayer/tikz/librarie
s/tikzlibraryshapes.symbols.code.tex
File: tikzlibraryshapes.symbols.code.tex 2008/01/09 v2.10 (rcs-revision 1.1)

(/usr/local/texlive/2012/texmf-dist/tex/generic/pgf/libraries/shapes/pgflibrary
shapes.symbols.code.tex
File: pgflibraryshapes.symbols.code.tex 2009/10/27 v2.10 (rcs-revision 1.3)
))
(/usr/local/texlive/2012/texmf-dist/tex/generic/pgf/frontendlayer/tikz/librarie
s/tikzlibraryshapes.arrows.code.tex
File: tikzlibraryshapes.arrows.code.tex 2008/01/09 v2.10 (rcs-revision 1.1)

(/usr/local/texlive/2012/texmf-dist/tex/generic/pgf/libraries/shapes/pgflibrary
shapes.arrows.code.tex
File: pgflibraryshapes.arrows.code.tex 2008/06/26 v2.10 (rcs-revision 1.1)
))
(/usr/local/texlive/2012/texmf-dist/tex/generic/pgf/frontendlayer/tikz/librarie
s/tikzlibraryshapes.callouts.code.tex
(/usr/local/texlive/2012/texmf-dist/tex/generic/pgf/libraries/shapes/pgflibrary
shapes.callouts.code.tex))
(/usr/local/texlive/2012/texmf-dist/tex/generic/pgf/frontendlayer/tikz/librarie
s/tikzlibraryshapes.multipart.code.tex
File: tikzlibraryshapes.multipart.code.tex 2008/01/09 v2.10 (rcs-revision 1.1)

(/usr/local/texlive/2012/texmf-dist/tex/generic/pgf/libraries/shapes/pgflibrary
shapes.multipart.code.tex
File: pgflibraryshapes.multipart.code.tex 2010/01/07 v2.10 (rcs-revision 1.2)
\pgfnodepartlowerbox=\box70
\pgfnodeparttwobox=\box71
\pgfnodepartthreebox=\box72
\pgfnodepartfourbox=\box73
\pgfnodeparttwentybox=\box74
\pgfnodepartnineteenbox=\box75
\pgfnodeparteighteenbox=\box76
\pgfnodepartseventeenbox=\box77
\pgfnodepartsixteenbox=\box78
\pgfnodepartfifteenbox=\box79
\pgfnodepartfourteenbox=\box80
\pgfnodepartthirteenbox=\box81
\pgfnodeparttwelvebox=\box82
\pgfnodepartelevenbox=\box83
\pgfnodeparttenbox=\box84
\pgfnodepartninebox=\box85
\pgfnodeparteightbox=\box86
\pgfnodepartsevenbox=\box87
\pgfnodepartsixbox=\box88
\pgfnodepartfivebox=\box89
)))
(/usr/local/texlive/2012/texmf-dist/tex/latex/geometry/geometry.sty
Package: geometry 2010/09/12 v5.6 Page Geometry
\Gm@cnth=\count152
\Gm@cntv=\count153
\c@Gm@tempcnt=\count154
\Gm@bindingoffset=\dimen187
\Gm@wd@mp=\dimen188
\Gm@odd@mp=\dimen189
\Gm@even@mp=\dimen190
\Gm@layoutwidth=\dimen191
\Gm@layoutheight=\dimen192
\Gm@layouthoffset=\dimen193
\Gm@layoutvoffset=\dimen194
\Gm@dimlist=\toks41
)
(./main.aux (./cover.aux) (./intro.aux) (./Exp1/ElectricFields.aux)
(./Exp2/Potentiometer.aux) (./Exp3/Oscilloscope.aux) (./Exp4/Capacitance.aux)
(./Exp5/TheMagneticField.aux) (./Exp6/emOfTheElectron.aux)
(./Exp7/PolarizationAndInterference.aux) (./Exp8/ThePhoto-ElectricEffect.aux)
(./Exp9/TheSpectrumOfTheHydrogenAtom.aux)
(./Exp10/AbsorptionOfBetaAndGammaRays.aux))
\openout1 = `main.aux'.

LaTeX Font Info:    Checking defaults for OML/cmm/m/it on input line 76.
LaTeX Font Info:    ... okay on input line 76.
LaTeX Font Info:    Checking defaults for T1/cmr/m/n on input line 76.
LaTeX Font Info:    ... okay on input line 76.
LaTeX Font Info:    Checking defaults for OT1/cmr/m/n on input line 76.
LaTeX Font Info:    ... okay on input line 76.
LaTeX Font Info:    Checking defaults for OMS/cmsy/m/n on input line 76.
LaTeX Font Info:    ... okay on input line 76.
LaTeX Font Info:    Checking defaults for OMX/cmex/m/n on input line 76.
LaTeX Font Info:    ... okay on input line 76.
LaTeX Font Info:    Checking defaults for U/cmr/m/n on input line 76.
LaTeX Font Info:    ... okay on input line 76.
LaTeX Font Info:    Checking defaults for PD1/pdf/m/n on input line 76.
LaTeX Font Info:    ... okay on input line 76.

(/usr/local/texlive/2012/texmf-dist/tex/context/base/supp-pdf.mkii
[Loading MPS to PDF converter (version 2006.09.02).]
\scratchcounter=\count155
\scratchdimen=\dimen195
\scratchbox=\box90
\nofMPsegments=\count156
\nofMParguments=\count157
\everyMPshowfont=\toks42
\MPscratchCnt=\count158
\MPscratchDim=\dimen196
\MPnumerator=\count159
\makeMPintoPDFobject=\count160
\everyMPtoPDFconversion=\toks43
)
\c@lstlisting=\count161
\AtBeginShipoutBox=\box91
Package hyperref Info: Link coloring OFF on input line 76.
 (/usr/local/texlive/2012/texmf-dist/tex/latex/hyperref/nameref.sty
Package: nameref 2010/04/30 v2.40 Cross-referencing by name of section

(/usr/local/texlive/2012/texmf-dist/tex/generic/oberdiek/gettitlestring.sty
Package: gettitlestring 2010/12/03 v1.4 Cleanup title references (HO)
)
\c@section@level=\count162
)
LaTeX Info: Redefining \ref on input line 76.
LaTeX Info: Redefining \pageref on input line 76.
LaTeX Info: Redefining \nameref on input line 76.

(./main.out) (./main.out)
\@outlinefile=\write5
\openout5 = `main.out'.

 ABD: EveryShipout initializing macros
*geometry* driver: auto-detecting
*geometry* detected driver: pdftex
*geometry* verbose mode - [ preamble ] result:
* driver: pdftex
* paper: letterpaper
* layout: <same size as paper>
* layoutoffset:(h,v)=(0.0pt,0.0pt)
* bindingoffset: 28.90755pt
* modes: twoside 
* h-part:(L,W,R)=(72.26999pt, 440.84747pt, 72.26999pt)
* v-part:(T,H,B)=(86.72377pt, 621.52245pt, 86.72377pt)
* \paperwidth=614.295pt
* \paperheight=794.96999pt
* \textwidth=440.84747pt
* \textheight=621.52245pt
* \oddsidemargin=28.90755pt
* \evensidemargin=0.0pt
* \topmargin=-17.42001pt
* \headheight=12.0pt
* \headsep=19.8738pt
* \topskip=12.0pt
* \footskip=30.0pt
* \marginparwidth=98.0pt
* \marginparsep=7.0pt
* \columnsep=10.0pt
* \skip\footins=10.8pt plus 4.0pt minus 2.0pt
* \hoffset=0.0pt
* \voffset=0.0pt
* \mag=1000
* \@twocolumnfalse
* \@twosidetrue
* \@mparswitchtrue
* \@reversemarginfalse
* (1in=72.27pt=25.4mm, 1cm=28.453pt)

\openout2 = `cover.aux'.

(./cover.tex <./pic/Columbia-Logo.png, id=51, 501.875pt x 441.65pt>
File: ./pic/Columbia-Logo.png Graphic file (type png)

<use ./pic/Columbia-Logo.png>
Package pdftex.def Info: ./pic/Columbia-Logo.png used on input line 13.
(pdftex.def)             Requested size: 129.32806pt x 113.81102pt.
 [1



{/usr/local/texlive/2012/texmf-var/fonts/map/pdftex/updmap/pdftex.map} <./pic/C
olumbia-Logo.png>]) [2

] (./main.toc
LaTeX Font Info:    Try loading font information for U+msa on input line 2.

(/usr/local/texlive/2012/texmf-dist/tex/latex/amsfonts/umsa.fd
File: umsa.fd 2009/06/22 v3.00 AMS symbols A
)
LaTeX Font Info:    Try loading font information for U+msb on input line 2.

(/usr/local/texlive/2012/texmf-dist/tex/latex/amsfonts/umsb.fd
File: umsb.fd 2009/06/22 v3.00 AMS symbols B
))
\tf@toc=\write6
\openout6 = `main.toc'.

 [3

] [4

]
\openout2 = `intro.aux'.


(./intro.tex
Chapter 0.
pdfTeX warning (ext4): destination with the same identifier (name{page.1}) has 
been already used, duplicate ignored
<to be read again> 
                   \relax 
l.16 
      [1


]
LaTeX Font Info:    Try loading font information for OMS+cmr on input line 22.
 (/usr/local/texlive/2012/texmf-dist/tex/latex/base/omscmr.fd
File: omscmr.fd 1999/05/25 v2.5h Standard LaTeX font definitions
)
LaTeX Font Info:    Font shape `OMS/cmr/m/n' in size <12> not available
(Font)              Font shape `OMS/cmsy/m/n' tried instead on input line 22.


Package Fancyhdr Warning: \headheight is too small (12.0pt): 
 Make it at least 14.49998pt.
 We now make it that large for the rest of the document.
 This may cause the page layout to be inconsistent, however.

pdfTeX warning (ext4): destination with the same identifier (name{page.2}) has 
been already used, duplicate ignored
<to be read again> 
                   \relax 
l.43 \end{itemize}
                   [2])pdfTeX warning (ext4): destination with the same identif
ier (name{page.3}) has been already used, duplicate ignored
<to be read again> 
                   \relax 
l.97 \include{intro}
                     [3]
\openout2 = `Exp1/ElectricFields.aux'.

 (./Exp1/ElectricFields.texpdfTeX warning (ext4): destination with the same ide
ntifier (name{page.4}) has been already used, duplicate ignored
<to be read again> 
                   \relax 
l.1 \chapter
            {Electric Fields} [4



]
Chapter 1.
<./Exp1/pic/image1.png, id=107, 375.65344pt x 247.67531pt>
File: ./Exp1/pic/image1.png Graphic file (type png)

<use ./Exp1/pic/image1.png>
Package pdftex.def Info: ./Exp1/pic/image1.png used on input line 16.
(pdftex.def)             Requested size: 220.42374pt x 145.33353pt.
 [5 <./Exp1/pic/image1.png>]
<./Exp1/pic/image2.png, id=118, 246.1697pt x 182.93344pt>
File: ./Exp1/pic/image2.png Graphic file (type png)

<use ./Exp1/pic/image2.png>
Package pdftex.def Info: ./Exp1/pic/image2.png used on input line 32.
(pdftex.def)             Requested size: 176.33629pt x 131.04483pt.
 [6 <./Exp1/pic/image2.png>]
<./Exp1/pic/image3.png, id=128, 281.55188pt x 273.27094pt>
File: ./Exp1/pic/image3.png Graphic file (type png)

<use ./Exp1/pic/image3.png>
Package pdftex.def Info: ./Exp1/pic/image3.png used on input line 64.
(pdftex.def)             Requested size: 220.42374pt x 213.9427pt.
 [7 <./Exp1/pic/image3.png>]
<./Exp1/pic/image4.png, id=136, 524.71031pt x 393.72093pt>
File: ./Exp1/pic/image4.png Graphic file (type png)

<use ./Exp1/pic/image4.png>
Package pdftex.def Info: ./Exp1/pic/image4.png used on input line 74.
(pdftex.def)             Requested size: 264.51117pt x 198.48206pt.
 [8 <./Exp1/pic/image4.png>]
Missing character: There is no â in font cmr12!
Missing character: There is no € in font cmr12!
Missing character: There is no ™ in font cmr12!
 [9]
Overfull \hbox (20.23589pt too wide) in paragraph at lines 123--155
[]$[]$ $[]$ 
 []

[10] [11] [12] <./Exp1/pic/image5.png, id=178, 522.45187pt x 344.03531pt>
File: ./Exp1/pic/image5.png Graphic file (type png)

<use ./Exp1/pic/image5.png>
Package pdftex.def Info: ./Exp1/pic/image5.png used on input line 219.
(pdftex.def)             Requested size: 264.51117pt x 174.18529pt.
 [13 <./Exp1/pic/image5.png>]
<./Exp1/pic/image6.png, id=189, 466.74374pt x 363.60844pt>
File: ./Exp1/pic/image6.png Graphic file (type png)

<use ./Exp1/pic/image6.png>
Package pdftex.def Info: ./Exp1/pic/image6.png used on input line 231.
(pdftex.def)             Requested size: 242.46745pt x 188.88882pt.
 [14 <./Exp1/pic/image6.png>]
<./Exp1/pic/image7.png, id=201, 630.10406pt x 423.83344pt>
File: ./Exp1/pic/image7.png Graphic file (type png)

<use ./Exp1/pic/image7.png>
Package pdftex.def Info: ./Exp1/pic/image7.png used on input line 241.
(pdftex.def)             Requested size: 220.42374pt x 148.26631pt.

<./Exp1/pic/image8.png, id=202, 654.94687pt x 313.9228pt>
File: ./Exp1/pic/image8.png Graphic file (type png)

<use ./Exp1/pic/image8.png>
Package pdftex.def Info: ./Exp1/pic/image8.png used on input line 249.
(pdftex.def)             Requested size: 352.67932pt x 169.04156pt.
 [15 <./Exp1/pic/image7.png> <./Exp1/pic/image8.png>] [16] <./Exp1/pic/image9.p
ng, id=218, 475.7775pt x 349.305pt>
File: ./Exp1/pic/image9.png Graphic file (type png)

<use ./Exp1/pic/image9.png>
Package pdftex.def Info: ./Exp1/pic/image9.png used on input line 272.
(pdftex.def)             Requested size: 293.16133pt x 215.2397pt.

<./Exp1/pic/image10.png, id=219, 495.35063pt x 359.09157pt>
File: ./Exp1/pic/image10.png Graphic file (type png)

<use ./Exp1/pic/image10.png>
Package pdftex.def Info: ./Exp1/pic/image10.png used on input line 278.
(pdftex.def)             Requested size: 293.16133pt x 212.5197pt.

<./Exp1/pic/image11.png, id=220, 536.75531pt x 359.84438pt>
File: ./Exp1/pic/image11.png Graphic file (type png)

<use ./Exp1/pic/image11.png>
Package pdftex.def Info: ./Exp1/pic/image11.png used on input line 284.
(pdftex.def)             Requested size: 293.16133pt x 196.53682pt.

Underfull \vbox (badness 10000) has occurred while \output is active []

 [17 <./Exp1/pic/image9.png> <./Exp1/pic/image10.png>]
<./Exp1/pic/image12.png, id=226, 554.82281pt x 457.71pt>
File: ./Exp1/pic/image12.png Graphic file (type png)

<use ./Exp1/pic/image12.png>
Package pdftex.def Info: ./Exp1/pic/image12.png used on input line 290.
(pdftex.def)             Requested size: 293.16133pt x 241.85182pt.
) [18 <./Exp1/pic/image11.png> <./Exp1/pic/image12.png>]
\openout2 = `Exp2/Potentiometer.aux'.

 (./Exp2/Potentiometer.tex
Chapter 2.
) [19



]
\openout2 = `Exp3/Oscilloscope.aux'.

 (./Exp3/Oscilloscope.tex
Chapter 3.
<./Exp3/pic/image1.png, id=236, 582.67688pt x 315.42844pt>
File: ./Exp3/pic/image1.png Graphic file (type png)

<use ./Exp3/pic/image1.png>
Package pdftex.def Info: ./Exp3/pic/image1.png used on input line 9.
(pdftex.def)             Requested size: 264.51117pt x 143.19287pt.

<./Exp3/pic/image2.png, id=238, 842.39719pt x 234.1247pt>
File: ./Exp3/pic/image2.png Graphic file (type png)

<use ./Exp3/pic/image2.png>
Package pdftex.def Info: ./Exp3/pic/image2.png used on input line 21.
(pdftex.def)             Requested size: 396.76003pt x 110.27083pt.


LaTeX Warning: `h' float specifier changed to `ht'.

[31



 <./Exp3/pic/image1.png>]
<./Exp3/pic/image3.png, id=247, 266.49562pt x 258.21469pt>
File: ./Exp3/pic/image3.png Graphic file (type png)

<use ./Exp3/pic/image3.png>
Package pdftex.def Info: ./Exp3/pic/image3.png used on input line 52.
(pdftex.def)             Requested size: 132.25558pt x 128.14958pt.


LaTeX Warning: `h' float specifier changed to `ht'.

[32 <./Exp3/pic/image2.png>]
<./Exp3/pic/image4.png, id=262, 556.32843pt x 480.29437pt>
File: ./Exp3/pic/image4.png Graphic file (type png)

<use ./Exp3/pic/image4.png>
Package pdftex.def Info: ./Exp3/pic/image4.png used on input line 62.
(pdftex.def)             Requested size: 264.51117pt x 228.36205pt.
 [33 <./Exp3/pic/image3.png> <./Exp3/pic/image4.png>] [34] <./Exp3/pic/imageosc
.png, id=274, 781.41937pt x 462.22687pt>
File: ./Exp3/pic/imageosc.png Graphic file (type png)

<use ./Exp3/pic/imageosc.png>
Package pdftex.def Info: ./Exp3/pic/imageosc.png used on input line 79.
(pdftex.def)             Requested size: 396.76003pt x 234.68874pt.
 [35 <./Exp3/pic/imageosc.png>]
Overfull \hbox (3.14326pt too wide) in paragraph at lines 103--103
 |[]\OT1/cmr/bx/n/14.4 VERTICAL DE-FLEC-TION OF THE ELEC-TRON BEAM| 
 []

[36]
Overfull \hbox (28.14323pt too wide) in paragraph at lines 139--139
 |[]\OT1/cmr/bx/n/14.4 HORIZONTAL DE-FLEC-TION OF THE ELEC-TRON BEAM| 
 []

[37] [38]
Underfull \vbox (badness 10000) has occurred while \output is active []

 [39])
[40]
\openout2 = `Exp4/Capacitance.aux'.

 (./Exp4/Capacitance.tex
Chapter 4.
<./Exp4/pic/image1.png, id=312, 268.00125pt x 177.66376pt>
File: ./Exp4/pic/image1.png Graphic file (type png)

<use ./Exp4/pic/image1.png>
Package pdftex.def Info: ./Exp4/pic/image1.png used on input line 13.
(pdftex.def)             Requested size: 220.42374pt x 146.12167pt.
 [41



 <./Exp4/pic/image1.png>]
<./Exp4/pic/image2.png, id=322, 316.93407pt x 230.36063pt>
File: ./Exp4/pic/image2.png Graphic file (type png)

<use ./Exp4/pic/image2.png>
Package pdftex.def Info: ./Exp4/pic/image2.png used on input line 27.
(pdftex.def)             Requested size: 176.33629pt x 128.17151pt.
 [42 <./Exp4/pic/image2.png>]
<./Exp4/pic/image3.png, id=339, 356.83313pt x 246.1697pt>
File: ./Exp4/pic/image3.png Graphic file (type png)

<use ./Exp4/pic/image3.png>
Package pdftex.def Info: ./Exp4/pic/image3.png used on input line 63.
(pdftex.def)             Requested size: 176.33629pt x 121.64964pt.

<./Exp4/pic/image4.png, id=345, 389.95688pt x 277.035pt>
File: ./Exp4/pic/image4.png Graphic file (type png)

<use ./Exp4/pic/image4.png>
Package pdftex.def Info: ./Exp4/pic/image4.png used on input line 89.
(pdftex.def)             Requested size: 396.76003pt x 281.8787pt.


LaTeX Warning: `h' float specifier changed to `ht'.

[43 <./Exp4/pic/image3.png>]
<./Exp4/pic/image5.png, id=356, 329.73187pt x 207.02344pt>
File: ./Exp4/pic/image5.png Graphic file (type png)

<use ./Exp4/pic/image5.png>
Package pdftex.def Info: ./Exp4/pic/image5.png used on input line 104.
(pdftex.def)             Requested size: 352.67932pt x 221.43706pt.


LaTeX Warning: `h' float specifier changed to `ht'.

[44 <./Exp4/pic/image4.png>]
<./Exp4/pic/imagelog.png, id=370, 185.19188pt x 465.23813pt>
File: ./Exp4/pic/imagelog.png Graphic file (type png)

<use ./Exp4/pic/imagelog.png>
Package pdftex.def Info: ./Exp4/pic/imagelog.png used on input line 125.
(pdftex.def)             Requested size: 105.80487pt x 265.80609pt.

Overfull \hbox (20.23589pt too wide) in paragraph at lines 120--129
[]$[]$ $[]$ 
 []

<./Exp4/pic/image6.png, id=372, 803.25093pt x 296.60812pt>
File: ./Exp4/pic/image6.png Graphic file (type png)

<use ./Exp4/pic/image6.png>
Package pdftex.def Info: ./Exp4/pic/image6.png used on input line 137.
(pdftex.def)             Requested size: 352.67932pt x 130.23189pt.

Underfull \vbox (badness 10000) has occurred while \output is active []

 [45 <./Exp4/pic/image5.png> <./Exp4/pic/imagelog.png>]
<./Exp4/pic/image7.png, id=379, 761.84625pt x 288.3272pt>
File: ./Exp4/pic/image7.png Graphic file (type png)

<use ./Exp4/pic/image7.png>
Package pdftex.def Info: ./Exp4/pic/image7.png used on input line 153.
(pdftex.def)             Requested size: 286.54816pt x 108.44359pt.


LaTeX Warning: `h' float specifier changed to `ht'.

[46 <./Exp4/pic/image6.png>]
<./Exp4/pic/image8.png, id=389, 849.1725pt x 334.24875pt>
File: ./Exp4/pic/image8.png Graphic file (type png)

<use ./Exp4/pic/image8.png>
Package pdftex.def Info: ./Exp4/pic/image8.png used on input line 167.
(pdftex.def)             Requested size: 330.6356pt x 130.14227pt.
 [47 <./Exp4/pic/image7.png> <./Exp4/pic/image8.png>] <./Exp4/pic/image9.png, i
d=397, 737.75626pt x 391.4625pt>
File: ./Exp4/pic/image9.png Graphic file (type png)

<use ./Exp4/pic/image9.png>
Package pdftex.def Info: ./Exp4/pic/image9.png used on input line 185.
(pdftex.def)             Requested size: 352.67932pt x 187.13528pt.
 [48 <./Exp4/pic/image9.png>]) [49]
\openout2 = `Exp5/TheMagneticField.aux'.


(./Exp5/TheMagneticField.tex [50



]
Chapter 5.
<./Exp5/pic/image1.png, id=414, 1094.0875pt x 591.20876pt>
File: ./Exp5/pic/image1.png Graphic file (type png)

<use ./Exp5/pic/image1.png>
Package pdftex.def Info: ./Exp5/pic/image1.png used on input line 14.
(pdftex.def)             Requested size: 264.51117pt x 142.93042pt.

<./Exp5/pic/image2.png, id=416, 1314.9125pt x 584.1825pt>
File: ./Exp5/pic/image2.png Graphic file (type png)

<use ./Exp5/pic/image2.png>
Package pdftex.def Info: ./Exp5/pic/image2.png used on input line 23.
(pdftex.def)             Requested size: 352.67932pt x 156.67953pt.


LaTeX Warning: `h' float specifier changed to `ht'.

<./Exp5/pic/image3.png, id=418, 1567.8575pt x 600.2425pt>
File: ./Exp5/pic/image3.png Graphic file (type png)

<use ./Exp5/pic/image3.png>
Package pdftex.def Info: ./Exp5/pic/image3.png used on input line 31.
(pdftex.def)             Requested size: 352.67932pt x 135.02126pt.
 [51 <./Exp5/pic/image1.png>] [52 <./Exp5/pic/image2.png> <./Exp5/pic/image3.pn
g>] [53]
<./Exp5/pic/image4.png, id=444, 1559.8275pt x 690.58pt>
File: ./Exp5/pic/image4.png Graphic file (type png)

<use ./Exp5/pic/image4.png>
Package pdftex.def Info: ./Exp5/pic/image4.png used on input line 73.
(pdftex.def)             Requested size: 264.51117pt x 117.10199pt.
 [54 <./Exp5/pic/image4.png>]) [55]
\openout2 = `Exp6/emOfTheElectron.aux'.


(./Exp6/emOfTheElectron.tex [56



]
Chapter 6.

Package hyperref Warning: Token not allowed in a PDF string (PDFDocEncoding):
(hyperref)                removing `math shift' on input line 1.


Package hyperref Warning: Token not allowed in a PDF string (PDFDocEncoding):
(hyperref)                removing `math shift' on input line 1.

<./Exp6/pic/image1.png, id=471, 1188.44pt x 605.26125pt>
File: ./Exp6/pic/image1.png Graphic file (type png)

<use ./Exp6/pic/image1.png>
Package pdftex.def Info: ./Exp6/pic/image1.png used on input line 11.
(pdftex.def)             Requested size: 352.67932pt x 179.6126pt.


LaTeX Warning: `h' float specifier changed to `ht'.

[57] <./Exp6/pic/image2.png, id=482, 934.49126pt x 659.46375pt>
File: ./Exp6/pic/image2.png Graphic file (type png)

<use ./Exp6/pic/image2.png>
Package pdftex.def Info: ./Exp6/pic/image2.png used on input line 31.
(pdftex.def)             Requested size: 352.67932pt x 248.88818pt.


LaTeX Warning: `h' float specifier changed to `ht'.

[58 <./Exp6/pic/image1.png>] [59 <./Exp6/pic/image2.png>] [60]
Overfull \hbox (1.79654pt too wide) in paragraph at lines 88--89
\OT1/cmr/m/n/12 per-son should be sup-port-ing the frame while a sec-ond per-so
n tight-ens the wingnut. 
 []

[61]) [62]
\openout2 = `Exp7/PolarizationAndInterference.aux'.

 (./Exp7/PolarizationAndInterference.tex
Chapter 7.
[63



] <./Exp7/pic/image1.png, id=553, 976.64874pt x 399.4925pt>
File: ./Exp7/pic/image1.png Graphic file (type png)

<use ./Exp7/pic/image1.png>
Package pdftex.def Info: ./Exp7/pic/image1.png used on input line 17.
(pdftex.def)             Requested size: 220.42374pt x 90.16234pt.

<./Exp7/pic/image2.png, id=557, 1339.0025pt x 562.1pt>
File: ./Exp7/pic/image2.png Graphic file (type png)

<use ./Exp7/pic/image2.png>
Package pdftex.def Info: ./Exp7/pic/image2.png used on input line 25.
(pdftex.def)             Requested size: 352.67932pt x 148.04663pt.


LaTeX Warning: `h' float specifier changed to `ht'.

<./Exp7/pic/image3.png, id=560, 1138.2525pt x 315.1775pt>
File: ./Exp7/pic/image3.png Graphic file (type png)

<use ./Exp7/pic/image3.png>
Package pdftex.def Info: ./Exp7/pic/image3.png used on input line 34.
(pdftex.def)             Requested size: 352.67932pt x 97.65591pt.
 [64 <./Exp7/pic/image1.png>]
<./Exp7/pic/image4.png, id=570, 575.14874pt x 598.235pt>
File: ./Exp7/pic/image4.png Graphic file (type png)

<use ./Exp7/pic/image4.png>
Package pdftex.def Info: ./Exp7/pic/image4.png used on input line 42.
(pdftex.def)             Requested size: 132.25558pt x 137.56377pt.


LaTeX Warning: `h' float specifier changed to `ht'.

[65 <./Exp7/pic/image2.png> <./Exp7/pic/image3.png>]
<./Exp7/pic/image5.png, id=580, 807.015pt x 547.04375pt>
File: ./Exp7/pic/image5.png Graphic file (type png)

<use ./Exp7/pic/image5.png>
Package pdftex.def Info: ./Exp7/pic/image5.png used on input line 69.
(pdftex.def)             Requested size: 264.51117pt x 179.29794pt.


LaTeX Warning: `h' float specifier changed to `ht'.

<./Exp7/pic/image6.png, id=583, 1207.51125pt x 714.67pt>
File: ./Exp7/pic/image6.png Graphic file (type png)

<use ./Exp7/pic/image6.png>
Package pdftex.def Info: ./Exp7/pic/image6.png used on input line 78.
(pdftex.def)             Requested size: 352.67932pt x 208.73206pt.

Underfull \vbox (badness 1237) has occurred while \output is active []

 [66 <./Exp7/pic/image4.png>]

LaTeX Warning: `h' float specifier changed to `ht'.

[67 <./Exp7/pic/image5.png>]
Missing character: There is no Ï in font cmr12!
Missing character: There is no † in font cmr12!
 [68 <./Exp7/pic/image6.png>]
<./Exp7/pic/image7.png, id=615, 1284.8pt x 583.17876pt>
File: ./Exp7/pic/image7.png Graphic file (type png)

<use ./Exp7/pic/image7.png>
Package pdftex.def Info: ./Exp7/pic/image7.png used on input line 103.
(pdftex.def)             Requested size: 352.67932pt x 160.07655pt.
 [69 <./Exp7/pic/image7.png>]
<./Exp7/pic/image8.png, id=627, 1161.33875pt x 720.6925pt>
File: ./Exp7/pic/image8.png Graphic file (type png)

<use ./Exp7/pic/image8.png>
Package pdftex.def Info: ./Exp7/pic/image8.png used on input line 136.
(pdftex.def)             Requested size: 352.67932pt x 218.85966pt.
 [70 <./Exp7/pic/image8.png>] [71] [72] [73]
[74] <./Exp7/pic/image9.png, id=660, 1176.395pt x 377.41pt>
File: ./Exp7/pic/image9.png Graphic file (type png)

<use ./Exp7/pic/image9.png>
Package pdftex.def Info: ./Exp7/pic/image9.png used on input line 282.
(pdftex.def)             Requested size: 220.42374pt x 70.71237pt.
 [75]
<./Exp7/pic/image10.png, id=679, 1200.485pt x 664.4825pt>
File: ./Exp7/pic/image10.png Graphic file (type png)

<use ./Exp7/pic/image10.png>
Package pdftex.def Info: ./Exp7/pic/image10.png used on input line 290.
(pdftex.def)             Requested size: 220.42374pt x 122.00467pt.


LaTeX Warning: `h' float specifier changed to `ht'.

[76 <./Exp7/pic/image9.png>]) [77 <./Exp7/pic/image10.png>]
\openout2 = `Exp8/ThePhoto-ElectricEffect.aux'.


(./Exp8/ThePhoto-ElectricEffect.tex [78



]
Chapter 8.
<./Exp8/pic/image1.png, id=702, 1531.7225pt x 486.81876pt>
File: ./Exp8/pic/image1.png Graphic file (type png)

<use ./Exp8/pic/image1.png>
Package pdftex.def Info: ./Exp8/pic/image1.png used on input line 15.
(pdftex.def)             Requested size: 352.67932pt x 112.08481pt.


LaTeX Warning: `h' float specifier changed to `ht'.

[79] <./Exp8/pic/image2.png, id=715, 928.46875pt x 653.44125pt>
File: ./Exp8/pic/image2.png Graphic file (type png)

<use ./Exp8/pic/image2.png>
Package pdftex.def Info: ./Exp8/pic/image2.png used on input line 31.
(pdftex.def)             Requested size: 220.42374pt x 155.12411pt.
 [80 <./Exp8/pic/image1.png>]
<./Exp8/pic/image3.png, id=725, 1529.715pt x 755.82375pt>
File: ./Exp8/pic/image3.png Graphic file (type png)

<use ./Exp8/pic/image3.png>
Package pdftex.def Info: ./Exp8/pic/image3.png used on input line 39.
(pdftex.def)             Requested size: 220.42374pt x 108.90543pt.
 [81 <./Exp8/pic/image2.png> <./Exp8/pic/image3.png>] <./Exp8/pic/image4.png, i
d=733, 1097.09875pt x 610.28pt>
File: ./Exp8/pic/image4.png Graphic file (type png)

<use ./Exp8/pic/image4.png>
Package pdftex.def Info: ./Exp8/pic/image4.png used on input line 57.
(pdftex.def)             Requested size: 352.67932pt x 196.17824pt.

<./Exp8/pic/image5.png, id=735, 1138.2525pt x 534.99875pt>
File: ./Exp8/pic/image5.png Graphic file (type png)

<use ./Exp8/pic/image5.png>
Package pdftex.def Info: ./Exp8/pic/image5.png used on input line 65.
(pdftex.def)             Requested size: 352.67932pt x 165.76625pt.
 [82 <./Exp8/pic/image4.png>]
<./Exp8/pic/image6.png, id=742, 1552.80125pt x 676.5275pt>
File: ./Exp8/pic/image6.png Graphic file (type png)

<use ./Exp8/pic/image6.png>
Package pdftex.def Info: ./Exp8/pic/image6.png used on input line 73.
(pdftex.def)             Requested size: 352.67932pt x 153.65733pt.
 [83 <./Exp8/pic/image5.png> <./Exp8/pic/image6.png>] <./Exp8/pic/image7.png, i
d=751, 922.44624pt x 699.61375pt>
File: ./Exp8/pic/image7.png Graphic file (type png)

<use ./Exp8/pic/image7.png>
Package pdftex.def Info: ./Exp8/pic/image7.png used on input line 84.
(pdftex.def)             Requested size: 352.67932pt x 267.47862pt.

Underfull \vbox (badness 10000) has occurred while \output is active []

 [84 <./Exp8/pic/image7.png>] [85]) [86]
\openout2 = `Exp9/TheSpectrumOfTheHydrogenAtom.aux'.

 (./Exp9/TheSpectrumOfTheHydrogenAtom.tex
Chapter 9.
[87



] <./Exp9/pic/image1.png, id=785, 569.12625pt x 604.2575pt>
File: ./Exp9/pic/image1.png Graphic file (type png)

<use ./Exp9/pic/image1.png>
Package pdftex.def Info: ./Exp9/pic/image1.png used on input line 35.
(pdftex.def)             Requested size: 132.25558pt x 140.41466pt.

<./Exp9/pic/image2.png, id=786, 1132.23pt x 307.1475pt>
File: ./Exp9/pic/image2.png Graphic file (type png)

<use ./Exp9/pic/image2.png>
Package pdftex.def Info: ./Exp9/pic/image2.png used on input line 48.
(pdftex.def)             Requested size: 352.67932pt x 95.67403pt.
 [88 <./Exp9/pic/image1.png>]
<./Exp9/pic/image3.png, id=796, 877.2775pt x 678.535pt>
File: ./Exp9/pic/image3.png Graphic file (type png)

<use ./Exp9/pic/image3.png>
Package pdftex.def Info: ./Exp9/pic/image3.png used on input line 63.
(pdftex.def)             Requested size: 264.51117pt x 204.58707pt.
 [89 <./Exp9/pic/image2.png> <./Exp9/pic/image3.png>] <./Exp9/pic/image4.png, i
d=805, 1096.095pt x 602.25pt>
File: ./Exp9/pic/image4.png Graphic file (type png)

<use ./Exp9/pic/image4.png>
Package pdftex.def Info: ./Exp9/pic/image4.png used on input line 76.
(pdftex.def)             Requested size: 220.42374pt x 121.10951pt.

<./Exp9/pic/image5.png, id=806, 1095.09125pt x 566.115pt>
File: ./Exp9/pic/image5.png Graphic file (type png)

<use ./Exp9/pic/image5.png>
Package pdftex.def Info: ./Exp9/pic/image5.png used on input line 82.
(pdftex.def)             Requested size: 220.42374pt x 113.9466pt.

<./Exp9/pic/image6.png, id=807, 1332.98pt x 513.92pt>
File: ./Exp9/pic/image6.png Graphic file (type png)

<use ./Exp9/pic/image6.png>
Package pdftex.def Info: ./Exp9/pic/image6.png used on input line 87.
(pdftex.def)             Requested size: 220.42374pt x 84.98134pt.


LaTeX Warning: `h' float specifier changed to `ht'.

[90 <./Exp9/pic/image4.png> <./Exp9/pic/image5.png>]
<./Exp9/pic/image7.png, id=815, 682.55pt x 826.08624pt>
File: ./Exp9/pic/image7.png Graphic file (type png)

<use ./Exp9/pic/image7.png>
Package pdftex.def Info: ./Exp9/pic/image7.png used on input line 102.
(pdftex.def)             Requested size: 352.67932pt x 426.84462pt.


LaTeX Warning: `!h' float specifier changed to `!ht'.

[91 <./Exp9/pic/image6.png>]
Underfull \vbox (badness 10000) has occurred while \output is active []

 [92 <./Exp9/pic/image7.png>] [93] [94] [95]) [96]
\openout2 = `Exp10/AbsorptionOfBetaAndGammaRays.aux'.


(./Exp10/AbsorptionOfBetaAndGammaRays.tex
Chapter 10.
<./Exp10/pic/image1.png, id=862, 825.0825pt x 742.775pt>
File: ./Exp10/pic/image1.png Graphic file (type png)

<use ./Exp10/pic/image1.png>
Package pdftex.def Info: ./Exp10/pic/image1.png used on input line 10.
(pdftex.def)             Requested size: 220.42374pt x 198.4325pt.

<./Exp10/pic/image2.png, id=864, 1063.975pt x 680.5425pt>
File: ./Exp10/pic/image2.png Graphic file (type png)

<use ./Exp10/pic/image2.png>
Package pdftex.def Info: ./Exp10/pic/image2.png used on input line 18.
(pdftex.def)             Requested size: 220.42374pt x 140.98666pt.
 [97



 <./Exp10/pic/image1.png>]
Overfull \hbox (25.1203pt too wide) in paragraph at lines 26--26
 |[]\OT1/cmr/bx/n/17.28 Detection of Charged Par-ti-cles (the Geiger Counter)| 

 []

<./Exp10/pic/image3.png, id=872, 1294.8375pt x 358.33875pt>
File: ./Exp10/pic/image3.png Graphic file (type png)

<use ./Exp10/pic/image3.png>
Package pdftex.def Info: ./Exp10/pic/image3.png used on input line 30.
(pdftex.def)             Requested size: 220.42374pt x 60.9988pt.
 [98 <./Exp10/pic/image2.png>]
<./Exp10/pic/image4.png, id=882, 1403.2425pt x 519.9425pt>
File: ./Exp10/pic/image4.png Graphic file (type png)

<use ./Exp10/pic/image4.png>
Package pdftex.def Info: ./Exp10/pic/image4.png used on input line 40.
(pdftex.def)             Requested size: 352.67932pt x 130.67554pt.
 [99 <./Exp10/pic/image3.png> <./Exp10/pic/image4.png>] <./Exp10/pic/image5.png
, id=890, 1292.83pt x 560.0925pt>
File: ./Exp10/pic/image5.png Graphic file (type png)

<use ./Exp10/pic/image5.png>
Package pdftex.def Info: ./Exp10/pic/image5.png used on input line 52.
(pdftex.def)             Requested size: 220.42374pt x 95.48795pt.
 [100 <./Exp10/pic/image5.png>]
<./Exp10/pic/image6.png, id=900, 981.6675pt x 834.11626pt>
File: ./Exp10/pic/image6.png Graphic file (type png)

<use ./Exp10/pic/image6.png>
Package pdftex.def Info: ./Exp10/pic/image6.png used on input line 88.
(pdftex.def)             Requested size: 352.67932pt x 299.6707pt.
Missing character: There is no Î in font cmr10!
Missing character: There is no ¼ in font cmr10!


LaTeX Warning: `h' float specifier changed to `ht'.

[101]
Overfull \hbox (9.10341pt too wide) in paragraph at lines 103--104
[]\OT1/cmr/m/n/12 Note that the mag-ni-tude of the sta-tis-ti-cal error--your u
n-cer-tainty in the measurement--
 []

[102 <./Exp10/pic/image6.png>]
<./Exp10/pic/image7.png, id=920, 658.46pt x 638.385pt>
File: ./Exp10/pic/image7.png Graphic file (type png)

<use ./Exp10/pic/image7.png>
Package pdftex.def Info: ./Exp10/pic/image7.png used on input line 112.
(pdftex.def)             Requested size: 176.33629pt x 170.95381pt.
 [103 <./Exp10/pic/image7.png>]
<./Exp10/pic/image8.png, id=930, 485.815pt x 810.02625pt>
File: ./Exp10/pic/image8.png Graphic file (type png)

<use ./Exp10/pic/image8.png>
Package pdftex.def Info: ./Exp10/pic/image8.png used on input line 123.
(pdftex.def)             Requested size: 110.21187pt x 183.75595pt.

<./Exp10/pic/image9.png, id=933, 1275.76625pt x 747.79375pt>
File: ./Exp10/pic/image9.png Graphic file (type png)

<use ./Exp10/pic/image9.png>
Package pdftex.def Info: ./Exp10/pic/image9.png used on input line 136.
(pdftex.def)             Requested size: 220.42374pt x 129.19994pt.

Underfull \vbox (badness 2573) has occurred while \output is active []

 [104 <./Exp10/pic/image8.png>]
<./Exp10/pic/image10.png, id=941, 950.55125pt x 601.24625pt>
File: ./Exp10/pic/image10.png Graphic file (type png)

<use ./Exp10/pic/image10.png>
Package pdftex.def Info: ./Exp10/pic/image10.png used on input line 144.
(pdftex.def)             Requested size: 220.42374pt x 139.42133pt.

<./Exp10/pic/image11.png, id=943, 847.165pt x 768.8725pt>
File: ./Exp10/pic/image11.png Graphic file (type png)

<use ./Exp10/pic/image11.png>
Package pdftex.def Info: ./Exp10/pic/image11.png used on input line 152.
(pdftex.def)             Requested size: 176.33629pt x 160.03668pt.
 [105 <./Exp10/pic/image9.png> <./Exp10/pic/image10.png>]) [106 <./Exp10/pic/im
age11.png>]
Package atveryend Info: Empty hook `BeforeClearDocument' on input line 119.
Package atveryend Info: Empty hook `AfterLastShipout' on input line 119.
 (./main.aux (./cover.aux) (./intro.aux) (./Exp1/ElectricFields.aux) (./Exp2/Po
tentiometer.aux)
(./Exp3/Oscilloscope.aux) (./Exp4/Capacitance.aux) (./Exp5/TheMagneticField.aux
) (./Exp6/emOfTheElectron.aux) (./Exp7/PolarizationAndInterference.aux)
(./Exp8/ThePhoto-ElectricEffect.aux) (./Exp9/TheSpectrumOfTheHydrogenAtom.aux)
(./Exp10/AbsorptionOfBetaAndGammaRays.aux))
Package atveryend Info: Executing hook `AtVeryEndDocument' on input line 119.
Package atveryend Info: Executing hook `AtEndAfterFileList' on input line 119.
Package rerunfilecheck Info: File `main.out' has not changed.
(rerunfilecheck)             Checksum: F14555149C5678D6B81D123239024785;619.
Package atveryend Info: Empty hook `AtVeryVeryEnd' on input line 119.
 ) 
Here is how much of TeX's memory you used:
 20227 strings out of 493488
 382372 string characters out of 3141326
 493910 words of memory out of 3000000
 22618 multiletter control sequences out of 15000+200000
 23061 words of font info for 87 fonts, out of 3000000 for 9000
 957 hyphenation exceptions out of 8191
 56i,15n,57p,1693b,520s stack positions out of 5000i,500n,10000p,200000b,50000s
</usr/local/texlive/2012/texmf-dist/fonts/type1/public/amsfonts/cm/cmbx10.pfb
></usr/local/texlive/2012/texmf-dist/fonts/type1/public/amsfonts/cm/cmbx12.pfb>
</usr/local/texlive/2012/texmf-dist/fonts/type1/public/amsfonts/cm/cmbx7.pfb></
usr/local/texlive/2012/texmf-dist/fonts/type1/public/amsfonts/cm/cmbxti10.pfb><
/usr/local/texlive/2012/texmf-dist/fonts/type1/public/amsfonts/cm/cmcsc10.pfb><
/usr/local/texlive/2012/texmf-dist/fonts/type1/public/amsfonts/cm/cmex10.pfb></
usr/local/texlive/2012/texmf-dist/fonts/type1/public/amsfonts/cm/cmmi10.pfb></u
sr/local/texlive/2012/texmf-dist/fonts/type1/public/amsfonts/cm/cmmi12.pfb></us
r/local/texlive/2012/texmf-dist/fonts/type1/public/amsfonts/cm/cmmi6.pfb></usr/
local/texlive/2012/texmf-dist/fonts/type1/public/amsfonts/cm/cmmi8.pfb></usr/lo
cal/texlive/2012/texmf-dist/fonts/type1/public/amsfonts/cm/cmr10.pfb></usr/loca
l/texlive/2012/texmf-dist/fonts/type1/public/amsfonts/cm/cmr12.pfb></usr/local/
texlive/2012/texmf-dist/fonts/type1/public/amsfonts/cm/cmr7.pfb></usr/local/tex
live/2012/texmf-dist/fonts/type1/public/amsfonts/cm/cmr8.pfb></usr/local/texliv
e/2012/texmf-dist/fonts/type1/public/amsfonts/cm/cmsy10.pfb></usr/local/texlive
/2012/texmf-dist/fonts/type1/public/amsfonts/cm/cmsy8.pfb></usr/local/texlive/2
012/texmf-dist/fonts/type1/public/amsfonts/cm/cmti10.pfb></usr/local/texlive/20
12/texmf-dist/fonts/type1/public/amsfonts/cm/cmti12.pfb>
Output written on main.pdf (99 pages, 7193727 bytes).
PDF statistics:
 1103 PDF objects out of 1200 (max. 8388607)
 904 compressed objects within 10 object streams
 391 named destinations out of 1000 (max. 500000)
 446 words of extra memory for PDF output out of 10000 (max. 10000000)

